[      63ms] [INFO] %cDownload the React DevTools for a better development experience: https://react.dev/link/react-devtools font-weight:bold @ http://localhost:5173/node_modules/.vite/deps/react-dom_client.js?v=107fa0cf:14337
[     108ms] [LOG] [System] Interactions API: {revision: 2026-05-20, schema: steps} @ http://localhost:5173/src/components/layout/AdminLayout.tsx:50
[     108ms] [LOG] [System] Interactions API: {revision: 2026-05-20, schema: steps} @ http://localhost:5173/src/components/layout/AdminLayout.tsx:50
[    4367ms] [VERBOSE] [DOM] Password field is not contained in a form: (More info: https://goo.gl/9p2vKq) %o @ http://localhost:5173/settings:0
[   13080ms] [INFO] %cDownload the React DevTools for a better development experience: https://react.dev/link/react-devtools font-weight:bold @ http://localhost:5173/node_modules/.vite/deps/react-dom_client.js?v=107fa0cf:14337
[   13115ms] [LOG] [System] Interactions API: {revision: 2026-05-20, schema: steps} @ http://localhost:5173/src/components/layout/AdminLayout.tsx:50
[   13115ms] [LOG] [System] Interactions API: {revision: 2026-05-20, schema: steps} @ http://localhost:5173/src/components/layout/AdminLayout.tsx:50
[   88602ms] [VERBOSE] [DOM] Password field is not contained in a form: (More info: https://goo.gl/9p2vKq) %o @ http://localhost:5173/settings:0
[   89649ms] [INFO] %cDownload the React DevTools for a better development experience: https://react.dev/link/react-devtools font-weight:bold @ http://localhost:5173/node_modules/.vite/deps/react-dom_client.js?v=107fa0cf:14337
[   89685ms] [LOG] [System] Interactions API: {revision: 2026-05-20, schema: steps} @ http://localhost:5173/src/components/layout/AdminLayout.tsx:50
[   89697ms] [LOG] [System] Interactions API: {revision: 2026-05-20, schema: steps} @ http://localhost:5173/src/components/layout/AdminLayout.tsx:50
[   89795ms] [VERBOSE] [DOM] Password field is not contained in a form: (More info: https://goo.gl/9p2vKq) %o @ http://localhost:5173/settings:0
[  112593ms] [INFO] %cDownload the React DevTools for a better development experience: https://react.dev/link/react-devtools font-weight:bold @ http://localhost:5173/node_modules/.vite/deps/react-dom_client.js?v=107fa0cf:14337
[  112632ms] [LOG] [System] Interactions API: {revision: 2026-05-20, schema: steps} @ http://localhost:5173/src/components/layout/AdminLayout.tsx:50
[  112644ms] [LOG] [System] Interactions API: {revision: 2026-05-20, schema: steps} @ http://localhost:5173/src/components/layout/AdminLayout.tsx:50
[  112738ms] [VERBOSE] [DOM] Password field is not contained in a form: (More info: https://goo.gl/9p2vKq) %o @ http://localhost:5173/settings:0
[  318985ms] [INFO] %cDownload the React DevTools for a better development experience: https://react.dev/link/react-devtools font-weight:bold @ http://localhost:5173/node_modules/.vite/deps/react-dom_client.js?v=107fa0cf:14337
[  319024ms] [LOG] [System] Interactions API: {revision: 2026-05-20, schema: steps} @ http://localhost:5173/src/components/layout/AdminLayout.tsx:50
[  319033ms] [LOG] [System] Interactions API: {revision: 2026-05-20, schema: steps} @ http://localhost:5173/src/components/layout/AdminLayout.tsx:50
[  319132ms] [VERBOSE] [DOM] Password field is not contained in a form: (More info: https://goo.gl/9p2vKq) %o @ http://localhost:5173/settings:0
[  512193ms] [INFO] %cDownload the React DevTools for a better development experience: https://react.dev/link/react-devtools font-weight:bold @ http://localhost:5173/node_modules/.vite/deps/react-dom_client.js?v=107fa0cf:14337
[  512234ms] [LOG] [System] Interactions API: {revision: 2026-05-20, schema: steps} @ http://localhost:5173/src/components/layout/AdminLayout.tsx?t=1783435636836:50
[  512241ms] [LOG] [System] Interactions API: {revision: 2026-05-20, schema: steps} @ http://localhost:5173/src/components/layout/AdminLayout.tsx?t=1783435636836:50
[  512341ms] [VERBOSE] [DOM] Password field is not contained in a form: (More info: https://goo.gl/9p2vKq) %o @ http://localhost:5173/settings:0
