[      53ms] [INFO] %cDownload the React DevTools for a better development experience: https://react.dev/link/react-devtools font-weight:bold @ http://localhost:5173/node_modules/.vite/deps/react-dom_client.js?v=107fa0cf:14337
[      98ms] [LOG] [System] Interactions API: {revision: 2026-05-20, schema: steps} @ http://localhost:5173/src/components/layout/AdminLayout.tsx?t=1783435636836:50
[      98ms] [LOG] [System] Interactions API: {revision: 2026-05-20, schema: steps} @ http://localhost:5173/src/components/layout/AdminLayout.tsx?t=1783435636836:50
[   26843ms] [INFO] %cDownload the React DevTools for a better development experience: https://react.dev/link/react-devtools font-weight:bold @ http://localhost:5173/node_modules/.vite/deps/react-dom_client.js?v=107fa0cf:14337
[   26878ms] [LOG] [System] Interactions API: {revision: 2026-05-20, schema: steps} @ http://localhost:5173/src/components/layout/AdminLayout.tsx?t=1783435636836:50
[   26878ms] [LOG] [System] Interactions API: {revision: 2026-05-20, schema: steps} @ http://localhost:5173/src/components/layout/AdminLayout.tsx?t=1783435636836:50
[  250215ms] [INFO] %cDownload the React DevTools for a better development experience: https://react.dev/link/react-devtools font-weight:bold @ http://localhost:5173/node_modules/.vite/deps/react-dom_client.js?v=107fa0cf:14337
[  250252ms] [LOG] [System] Interactions API: {revision: 2026-05-20, schema: steps} @ http://localhost:5173/src/components/layout/AdminLayout.tsx?t=1783435636836:50
[  250253ms] [LOG] [System] Interactions API: {revision: 2026-05-20, schema: steps} @ http://localhost:5173/src/components/layout/AdminLayout.tsx?t=1783435636836:50
[ 1223652ms] [INFO] %cDownload the React DevTools for a better development experience: https://react.dev/link/react-devtools font-weight:bold @ http://localhost:5173/node_modules/.vite/deps/react-dom_client.js?v=107fa0cf:14337
[ 1223690ms] [LOG] [System] Interactions API: {revision: 2026-05-20, schema: steps} @ http://localhost:5173/src/components/layout/AdminLayout.tsx?t=1783435636836:50
[ 1223690ms] [LOG] [System] Interactions API: {revision: 2026-05-20, schema: steps} @ http://localhost:5173/src/components/layout/AdminLayout.tsx?t=1783435636836:50
[ 1226462ms] [INFO] %cDownload the React DevTools for a better development experience: https://react.dev/link/react-devtools font-weight:bold @ http://localhost:5173/node_modules/.vite/deps/react-dom_client.js?v=107fa0cf:14337
[ 1226495ms] [LOG] [System] Interactions API: {revision: 2026-05-20, schema: steps} @ http://localhost:5173/src/components/layout/AdminLayout.tsx?t=1783435636836:50
[ 1226495ms] [LOG] [System] Interactions API: {revision: 2026-05-20, schema: steps} @ http://localhost:5173/src/components/layout/AdminLayout.tsx?t=1783435636836:50
[ 1282390ms] [LOG] [System] Interactions API: {revision: 2026-05-20, schema: steps} @ http://localhost:5173/src/components/layout/AdminLayout.tsx?t=1783437171921:54
[ 1372993ms] [INFO] %cDownload the React DevTools for a better development experience: https://react.dev/link/react-devtools font-weight:bold @ http://localhost:5173/node_modules/.vite/deps/react-dom_client.js?v=107fa0cf:14337
[ 1373030ms] [LOG] [System] Interactions API: {revision: 2026-05-20, schema: steps} @ http://localhost:5173/src/components/layout/AdminLayout.tsx?t=1783437171921:54
[ 1373030ms] [LOG] [System] Interactions API: {revision: 2026-05-20, schema: steps} @ http://localhost:5173/src/components/layout/AdminLayout.tsx?t=1783437171921:54
[ 1376472ms] [INFO] %cDownload the React DevTools for a better development experience: https://react.dev/link/react-devtools font-weight:bold @ http://localhost:5173/node_modules/.vite/deps/react-dom_client.js?v=107fa0cf:14337
[ 1376507ms] [LOG] [System] Interactions API: {revision: 2026-05-20, schema: steps} @ http://localhost:5173/src/components/layout/AdminLayout.tsx?t=1783437171921:54
[ 1376508ms] [LOG] [System] Interactions API: {revision: 2026-05-20, schema: steps} @ http://localhost:5173/src/components/layout/AdminLayout.tsx?t=1783437171921:54
